# JRE version: Java(TM) SE Runtime Environment (7.0_79-b15) (build 1.7.0_79-b15)
# Java VM: Java HotSpot(TM) 64-Bit Server VM (24.79-b02 mixed mode linux-amd64 compressed oops)
Heap
 PSYoungGen      total 37376K, used 1843K [0x00000007d6a80000, 0x00000007d9400000, 0x0000000800000000)
  eden space 32256K, 5% used [0x00000007d6a80000,0x00000007d6c4cc40,0x00000007d8a00000)
  from space 5120K, 0% used [0x00000007d8a00000,0x00000007d8a00000,0x00000007d8f00000)
  to   space 5120K, 0% used [0x00000007d8f00000,0x00000007d8f00000,0x00000007d9400000)
 ParOldGen       total 84480K, used 5310K [0x0000000784000000, 0x0000000789280000, 0x00000007d6a80000)
  object space 84480K, 6% used [0x0000000784000000,0x000000078452f910,0x0000000789280000)
 PSPermGen       total 30720K, used 15759K [0x000000077ee00000, 0x0000000780c00000, 0x0000000784000000)
  object space 30720K, 51% used [0x000000077ee00000,0x000000077fd63c40,0x0000000780c00000)
GC Heap History (4 events):
Event: 0.549 GC heap before
{Heap before GC invocations=1 (full 0):
 PSYoungGen      total 37376K, used 17212K [0x00000007d6a80000, 0x00000007d9400000, 0x0000000800000000)
  eden space 32256K, 53% used [0x00000007d6a80000,0x00000007d7b4f0c8,0x00000007d8a00000)
  from space 5120K, 0% used [0x00000007d8f00000,0x00000007d8f00000,0x00000007d9400000)
  to   space 5120K, 0% used [0x00000007d8a00000,0x00000007d8a00000,0x00000007d8f00000)
 ParOldGen       total 84480K, used 0K [0x0000000784000000, 0x0000000789280000, 0x00000007d6a80000)
  object space 84480K, 0% used [0x0000000784000000,0x0000000784000000,0x0000000789280000)
 PSPermGen       total 21504K, used 15340K [0x000000077ee00000, 0x0000000780300000, 0x0000000784000000)
  object space 21504K, 71% used [0x000000077ee00000,0x000000077fcfb388,0x0000000780300000)
Event: 0.555 GC heap after
Heap after GC invocations=1 (full 0):
 PSYoungGen      total 37376K, used 5119K [0x00000007d6a80000, 0x00000007d9400000, 0x0000000800000000)
  eden space 32256K, 0% used [0x00000007d6a80000,0x00000007d6a80000,0x00000007d8a00000)
  from space 5120K, 99% used [0x00000007d8a00000,0x00000007d8effd30,0x00000007d8f00000)
  to   space 5120K, 0% used [0x00000007d8f00000,0x00000007d8f00000,0x00000007d9400000)
 ParOldGen       total 84480K, used 3856K [0x0000000784000000, 0x0000000789280000, 0x00000007d6a80000)
  object space 84480K, 4% used [0x0000000784000000,0x00000007843c4300,0x0000000789280000)
 PSPermGen       total 21504K, used 15340K [0x000000077ee00000, 0x0000000780300000, 0x0000000784000000)
  object space 21504K, 71% used [0x000000077ee00000,0x000000077fcfb388,0x0000000780300000)
}
Event: 0.555 GC heap before
{Heap before GC invocations=2 (full 1):
 PSYoungGen      total 37376K, used 5119K [0x00000007d6a80000, 0x00000007d9400000, 0x0000000800000000)
  eden space 32256K, 0% used [0x00000007d6a80000,0x00000007d6a80000,0x00000007d8a00000)
  from space 5120K, 99% used [0x00000007d8a00000,0x00000007d8effd30,0x00000007d8f00000)
  to   space 5120K, 0% used [0x00000007d8f00000,0x00000007d8f00000,0x00000007d9400000)
 ParOldGen       total 84480K, used 3856K [0x0000000784000000, 0x0000000789280000, 0x00000007d6a80000)
  object space 84480K, 4% used [0x0000000784000000,0x00000007843c4300,0x0000000789280000)
 PSPermGen       total 21504K, used 15340K [0x000000077ee00000, 0x0000000780300000, 0x0000000784000000)
  object space 21504K, 71% used [0x000000077ee00000,0x000000077fcfb388,0x0000000780300000)
Event: 0.594 GC heap after
Heap after GC invocations=2 (full 1):
 PSYoungGen      total 37376K, used 0K [0x00000007d6a80000, 0x00000007d9400000, 0x0000000800000000)
  eden space 32256K, 0% used [0x00000007d6a80000,0x00000007d6a80000,0x00000007d8a00000)
  from space 5120K, 0% used [0x00000007d8a00000,0x00000007d8a00000,0x00000007d8f00000)
  to   space 5120K, 0% used [0x00000007d8f00000,0x00000007d8f00000,0x00000007d9400000)
 ParOldGen       total 84480K, used 5310K [0x0000000784000000, 0x0000000789280000, 0x00000007d6a80000)
  object space 84480K, 6% used [0x0000000784000000,0x000000078452f910,0x0000000789280000)
 PSPermGen       total 30720K, used 15336K [0x000000077ee00000, 0x0000000780c00000, 0x0000000784000000)
  object space 30720K, 49% used [0x000000077ee00000,0x000000077fcfa028,0x0000000780c00000)
}

